*** Using Compiler 'V5.06 update 7 (build 960)', folder: 'C:\Keil_v5\ARM\ARMCC\Bin'
Rebuild target 'S9_KeyBoard_V1'
compiling Bsp_Adc.c...
compiling Bsp_Key.c...
compiling Bsp_Bluetooth.c...
compiling Public.c...
compiling Bsp_SysTimer.c...
compiling main.c...
compiling Bsp_Boot.c...
compiling System_Init.c...
compiling Bsp_Encoder.c...
compiling CallBack.c...
compiling Bsp_Led.c...
compiling Bsp_Remote.c...
compiling calc_div.c...
compiling ls_hal_cache.c...
compiling ls_hal_adc_dma.c...
compiling ls_hal_ecc.c...
compiling ls_hal_adc.c...
compiling Bsp_Uart.c...
compiling ls_hal_dmac.c...
compiling ls_hal_crypt.c...
compiling Bsp_Power.c...
compiling ls_hal_flash_svcall.c...
compiling ls_hal_flash.c...
compiling ls_hal_flash_qspi.c...
compiling ls_hal_iwdg.c...
compiling ls_hal_pis.c...
compiling ls_hal_pdm.c...
compiling ls_hal_pdm_dma.c...
compiling ls_hal_qspi.c...
compiling ls_hal_i2c_dma.c...
compiling ls_hal_spi_i2s_dma.c...
compiling ls_hal_ssi_dma.c...
compiling ls_hal_spi_i2s.c...
compiling ls_hal_ssi.c...
compiling ls_hal_i2c.c...
compiling ls_hal_trng.c...
compiling ls_hal_uart.c...
compiling ls_hal_wwdg.c...
compiling ls_hal_uart_dma.c...
compiling ls_hal_rtc.c...
compiling ble_common_api.c...
compiling ls_hal_timer.c...
compiling crc16.c...
compiling circular_doubly_linked_list.c...
compiling sw_timer.c...
compiling common.c...
compiling ls_dbg.c...
compiling log.c...
compiling inflash_settings.c...
compiling fifo.c...
compiling ota_settings.c...
compiling linked_buffer.c...
compiling sha256.c...
compiling utils.c...
compiling tinyfs_nvm.c...
compiling tinyfs_write_cache.c...
compiling calc_acc.c...
compiling ls_msp_cache.c...
compiling ls_msp_iwdg.c...
compiling tinyfs.c...
compiling ls_msp_pis.c...
compiling ls_msp_dmac.c...
compiling ls_msp_adc.c...
compiling ls_msp_crypt.c...
compiling ls_msp_ecc.c...
compiling ls_msp_qspi.c...
compiling ls_msp_i2c.c...
compiling ls_msp_pdm.c...
compiling ls_msp_rtc.c...
compiling ls_msp_ssi.c...
compiling ls_msp_wwdg.c...
compiling ls_msp_timer.c...
compiling ls_msp_spi_i2s.c...
compiling modem_rf_le501x.c...
compiling ls_msp_uart.c...
compiling ls_msp_trng.c...
compiling cpu.c...
compiling modem_rf_le501x_24g.c...
compiling sys_stat.c...
compiling ls_soc_gpio.c...
compiling platform.c...
assembling sleep_asm.S...
assembling delay_asm.S...
compiling sleep.c...
compiling stack_var.c...
compiling sw_timer_port.c...
assembling startup.S...
compiling swint_handler.c...
assembling stack_asm.S...
assembling svcall_asm.S...
compiling systick.c...
compiling SEGGER_RTT_printf.c...
compiling SEGGER_RTT.c...
compiling svcall.c...
linking...
Program Size: Code=39508 RO-data=1800 RW-data=316 ZI-data=28372  
After Build - User command #1: .\tools\le501x\after_build.bat SMART_S9 . 402866176 ./soc/arm_cm/le501x/bin/fw.hex

g:\my_code\Blueooth_code\S9_KeyBoard_V1>.\tools\srec_cat.exe -o .\Objects\info_sbl.hex -I .\soc\arm_cm\le501x\bin\bram.bin -Bin -of 0x18000300 -crc32-l-e -max-a .\soc\arm_cm\le501x\bin\bram.bin -Bin -of 0x18000300 .\tools\le501x\info.bin -Bin -of 0x18000000 -gen 0x1800001c 0x18000020 -const-l-e 0x18000300 4 -gen 0x18000020 0x18000024 -const-l-e -l .\soc\arm_cm\le501x\bin\bram.bin -Bin 4 -gen 0x18000024 0x18000028 -const-l-e 402866176 4 -gen 0x1800002c 0x18000030 -const-l-e 0x1807c000 4 -gen 0x18000030 0x18000036 -rep-d 0xff 0xff 0xff 0xff 0xff 0xff  

g:\my_code\Blueooth_code\S9_KeyBoard_V1>fromelf --bin --output=.\Objects\SMART_S9.ota.bin .\Objects\SMART_S9.axf 

g:\my_code\Blueooth_code\S9_KeyBoard_V1>fromelf --i32 --output=.\Objects\SMART_S9.hex .\Objects\SMART_S9.axf 

g:\my_code\Blueooth_code\S9_KeyBoard_V1>if "./soc/arm_cm/le501x/bin/fw.hex" NEQ "" (.\tools\srec_cat.exe -Output .\Objects\SMART_S9_production_temp.hex -Intel .\Objects\info_sbl.hex -Intel .\Objects\SMART_S9.hex -Intel .\./soc/arm_cm/le501x/bin/fw.hex -Intel )  else (.\tools\srec_cat.exe -Output .\Objects\SMART_S9_production_temp.hex -Intel .\Objects\info_sbl.hex -Intel .\Objects\SMART_S9.hex -Intel ) 

g:\my_code\Blueooth_code\S9_KeyBoard_V1>fromelf -c -a -d -e -v -o .\Objects\SMART_S9.asm .\Objects\SMART_S9.axf 

g:\my_code\Blueooth_code\S9_KeyBoard_V1>.\tools\srec_cat.exe -Output .\Objects\SMART_S9_production.hex -I .\Objects\SMART_S9_production_temp.hex -I .\tools\le501x\SMART_S9.ota(data1).bin -Bin -of 0x18057F00 -gen 0x1807BE00 0x1807BE04 -const-l-e 1 4 -gen 0x1807BE04 0x1807BE08 -const-l-e 1 4 -gen 0x1807BE08 0x1807BE0c -const-l-e 0x18034000 4 -gen 0x1807BE0c 0x1807BE10 -const-l-e 0xFFFFFFFF 4 -gen 0x1807BE10 0x1807BE14 -const-l-e 0xFFFFFFFF 4 -gen 0x1807BE14 0x1807BE18 -const-l-e 0xFFFFFFFF 4 -gen 0x1807BE18 0x1807BE1c -const-l-e 0x00000000 4 -gen 0x1807BE1c 0x1807BE20 -const-l-e 0xFFFFFFFF 4 -gen 0x18057E00 0x18057E01 -const-l-e 0x00 1  
".\Objects\SMART_S9.axf" - 0 Error(s), 0 Warning(s).
Build Time Elapsed:  00:00:06
