


ARM Macro Assembler    Page 1 


    1 00000000         #line   1                "soc\\arm_cm\\le501x\\compiler\
\armcc\\stack_asm.S"
    1 00000000                 PRESERVE8
    2 00000000                 THUMB
    3 00000000                 AREA             |.text.stack_assert_asm|, CODE,
 READONLY
    4 00000000                 FRAME            UNWIND ON
    5 00000000         stack_assert_asm
                               PROC
    6 00000000                 EXPORT           stack_assert_asm
    7 00000000                 IMPORT           stack_assert_c
    8 00000000 B500            PUSH             {LR}
    9 00000002                 FRAME            PUSH {LR}
   10 00000002 4673            MOV              R3,LR
   11 00000004 F7FF FFFE       BL               stack_assert_c
   12 00000008 BD00            POP              {PC}
   13 0000000A                 ENDP
   14 0000000A         
   15 0000000A                 END
Command Line: --debug --xref --cpreproc --diag_suppress=9931,1 --cpu=Cortex-M0 
--apcs=interwork --depend=.\objects\stack_asm.d -o.\objects\stack_asm.o -IC:\Us
ers\44478\AppData\Local\Arm\Packs\Linkedsemi\DFP\1.0.0\Device\ARM\ARMCM0\Includ
e -IC:\Keil_v5\ARM\CMSIS\Include --predefine="__MICROLIB SETA 1" --predefine="_
_UVISION_VERSION SETA 536" --predefine="LE501X SETA 1" --cpreproc_opts=-DLE501X
 --list=.\listings\stack_asm.lst soc\arm_cm\le501x\compiler\armcc\stack_asm.S



ARM Macro Assembler    Page 1 Alphabetic symbol ordering
Relocatable symbols

.text.stack_assert_asm 00000000

Symbol: .text.stack_assert_asm
   Definitions
      At line 3 in file soc\\arm_cm\\le501x\\compiler\\armcc\\stack_asm.S
   Uses
      None
Comment: .text.stack_assert_asm unused
stack_assert_asm 00000000

Symbol: stack_assert_asm
   Definitions
      At line 5 in file soc\\arm_cm\\le501x\\compiler\\armcc\\stack_asm.S
   Uses
      At line 6 in file soc\\arm_cm\\le501x\\compiler\\armcc\\stack_asm.S
Comment: stack_assert_asm used once
2 symbols



ARM Macro Assembler    Page 1 Alphabetic symbol ordering
External symbols

stack_assert_c 00000000

Symbol: stack_assert_c
   Definitions
      At line 7 in file soc\\arm_cm\\le501x\\compiler\\armcc\\stack_asm.S
   Uses
      At line 11 in file soc\\arm_cm\\le501x\\compiler\\armcc\\stack_asm.S
Comment: stack_assert_c used once
1 symbol
336 symbols in table
