


ARM Macro Assembler    Page 1 


    1 00000000         #line   1                "soc\\arm_cm\\le501x\\compiler\
\armcc\\startup.S"
    1 00000000         ; 
    2 00000000         
    3 00000000         
    4 00000000         
    5 00000000         
    6 00000000         
    7 00000000         
    8 00000000         
    9 00000000         
   10 00000000         
   11 00000000         ;
   12 00000000         
   13 00000000         
   14 00000000         
   15 00000000         
   16 00000000         
   17 00000000         
   18 00000000         
   19 00000000         
   20 00000000         
   21 00000000         
   22 00000000         
   23 00000000         
   24 00000000         
   25 00000000         
   26 00000000         
   27 00000000         
   28 00000000         
   29 00000000         
   30 00000000         
   31 00000000         
   32 00000000         
   33 00000000         
   34 00000000         
   35 00000000         
   36 00000000         
   37 00000000         ;
   38 00000000         
   39 00000000         
   40 00000000         
   41 00000000         
   42 00000000         ; <h> Stack Configuration
   43 00000000         ;   <o> Stack Size (in Bytes) <0x0-0xFFFFFFFF:8>
   44 00000000         ; </h>
   45 00000000         
   46 00000000 00001000 
                       Stack_Size
                               EQU              0x00001000
   47 00000000         
   48 00000000                 AREA             STACK, NOINIT, READWRITE, ALIGN
=3
   49 00000000         Stack_Mem
                               SPACE            Stack_Size
   50 00001000         __initial_sp
   51 00001000         
   52 00001000         
   53 00001000         



ARM Macro Assembler    Page 2 


   54 00001000         ; <h> Heap Configuration
   55 00001000         ;   <o>  Heap Size (in Bytes) <0x0-0xFFFFFFFF:8>
   56 00001000         ; </h>
   57 00001000         
   58 00001000 00000800 
                       Heap_Size
                               EQU              0x00000800
   59 00001000         
   60 00001000                 AREA             HEAP, NOINIT, READWRITE, ALIGN=
3
   61 00000000         __heap_base
   62 00000000         Heap_Mem
                               SPACE            Heap_Size
   63 00000800         __heap_limit
   64 00000800         
   65 00000800         
   66 00000800                 PRESERVE8
   67 00000800                 THUMB
   68 00000800         
   69 00000800         
   70 00000800         ; Vector Table Mapped to Address 0 at Reset
   71 00000800         
   72 00000800                 AREA             RESET, DATA, READONLY
   73 00000000                 EXPORT           __Vectors
   74 00000000                 EXPORT           __Vectors_End
   75 00000000                 EXPORT           __Vectors_Size
   76 00000000         
   77 00000000 00000000 
                       __Vectors
                               DCD              __initial_sp ; Top of Stack
   78 00000004 00000000        DCD              Reset_Handler ; Reset Handler
   79 00000008 00000000        DCD              NMI_Handler ; NMI Handler
   80 0000000C 00000000        DCD              HardFault_Handler ; Hard Fault 
                                                            Handler
   81 00000010 00000000        DCD              0           ; Reserved
   82 00000014 00000000        DCD              0           ; Reserved
   83 00000018 00000000        DCD              0           ; Reserved
   84 0000001C 00000000        DCD              0           ; Reserved
   85 00000020 00000000        DCD              0           ; Reserved
   86 00000024 00000000        DCD              0           ; Reserved
   87 00000028 00000000        DCD              0           ; Reserved
   88 0000002C 00000000        DCD              SVC_Handler ; SVCall Handler
   89 00000030 00000000        DCD              0           ; Reserved
   90 00000034 00000000        DCD              0           ; Reserved
   91 00000038 00000000        DCD              PendSV_Handler ; PendSV Handler
                                                            
   92 0000003C 00000000        DCD              SysTick_Handler 
                                                            ; SysTick Handler
   93 00000040         
   94 00000040         ; External Interrupts
   95 00000040         
   96 00000040 00000000        DCD              Default_Handler
   97 00000044 00000000        DCD              Default_Handler
   98 00000048 00000000        DCD              Default_Handler
   99 0000004C 00000000        DCD              Default_Handler
  100 00000050 00000000        DCD              Default_Handler
  101 00000054 00000000        DCD              Default_Handler
  102 00000058 00000000        DCD              Default_Handler
  103 0000005C 00000000        DCD              Default_Handler



ARM Macro Assembler    Page 3 


  104 00000060 00000000        DCD              Default_Handler
  105 00000064 00000000        DCD              Default_Handler
  106 00000068 00000000        DCD              Default_Handler
  107 0000006C 00000000        DCD              Default_Handler
  108 00000070 00000000        DCD              Default_Handler
  109 00000074 00000000        DCD              Default_Handler
  110 00000078 00000000        DCD              Default_Handler
  111 0000007C 00000000        DCD              Default_Handler
  112 00000080 00000000        DCD              Default_Handler
  113 00000084 00000000        DCD              Default_Handler
  114 00000088 00000000        DCD              Default_Handler
  115 0000008C 00000000        DCD              Default_Handler
  116 00000090 00000000        DCD              Default_Handler
  117 00000094 00000000        DCD              Default_Handler
  118 00000098 00000000        DCD              Default_Handler
  119 0000009C 00000000        DCD              Default_Handler
  120 000000A0 00000000        DCD              Default_Handler
  121 000000A4 00000000        DCD              Default_Handler
  122 000000A8 00000000        DCD              Default_Handler
  123 000000AC 00000000        DCD              Default_Handler
  124 000000B0 00000000        DCD              Default_Handler
  125 000000B4 00000000        DCD              Default_Handler
  126 000000B8 00000000        DCD              Default_Handler
  127 000000BC 00000000        DCD              Default_Handler
  128 000000C0         
  129 000000C0         __Vectors_End
  130 000000C0         
  131 000000C0 000000C0 
                       __Vectors_Size
                               EQU              __Vectors_End - __Vectors
  132 000000C0         
  133 000000C0                 AREA             |.text|, CODE, READONLY
  134 00000000         
  135 00000000         
  136 00000000         ; Reset Handler
  137 00000000         
  138 00000000         Reset_Handler
                               PROC
  139 00000000                 EXPORT           Reset_Handler             [WEAK
]
  140 00000000                 IMPORT           SystemInit
  141 00000000                 IMPORT           __main
  142 00000000 4C01            LDR              R4, =SystemInit
  143 00000002 47A0            BLX              R4
  144 00000004 4C01            LDR              R4, =__main
  145 00000006 4720            BX               R4
  146 00000008                 ENDP
  147 00000008         
  148 00000008         ; User Initial Stack & Heap
  149 00000008         
  150 00000008                 IF               :DEF:__MICROLIB
  151 00000008         
  152 00000008                 EXPORT           __initial_sp
  153 00000008                 EXPORT           __heap_base
  154 00000008                 EXPORT           __heap_limit
  155 00000008         
  156 00000008                 ELSE
  171                          ENDIF
  172 00000008         



ARM Macro Assembler    Page 4 


  173 00000008 00000000 
              00000000         AREA             |.xip_banned|, CODE, READONLY
  174 00000000         
  175 00000000         ; Dummy Exception Handlers (infinite loops which can be 
                       modified)
  176 00000000         
  177 00000000         Default_Handler
                               PROC
  178 00000000                 EXPORT           NMI_Handler               [WEAK
]
  179 00000000                 EXPORT           HardFault_Handler         [WEAK
]
  180 00000000                 EXPORT           SVC_Handler               [WEAK
]
  181 00000000                 EXPORT           PendSV_Handler            [WEAK
]
  182 00000000                 EXPORT           SysTick_Handler           [WEAK
]
  183 00000000         
  184 00000000         NMI_Handler
  185 00000000         HardFault_Handler
  186 00000000         SVC_Handler
  187 00000000         PendSV_Handler
  188 00000000         SysTick_Handler
  189 00000000 E7FE            B                .
  190 00000002                 ENDP
  191 00000002         
  192 00000002 00 00           ALIGN
  193 00000004         
  194 00000004                 END
Command Line: --debug --xref --cpreproc --diag_suppress=9931,1 --cpu=Cortex-M0 
--apcs=interwork --depend=.\objects\startup.d -o.\objects\startup.o -IC:\Users\
44478\AppData\Local\Arm\Packs\Linkedsemi\DFP\1.0.0\Device\ARM\ARMCM0\Include -I
C:\Keil_v5\ARM\CMSIS\Include --predefine="__MICROLIB SETA 1" --predefine="__UVI
SION_VERSION SETA 536" --predefine="LE501X SETA 1" --cpreproc_opts=-DLE501X --l
ist=.\listings\startup.lst soc\arm_cm\le501x\compiler\armcc\startup.S



ARM Macro Assembler    Page 1 Alphabetic symbol ordering
Relocatable symbols

STACK 00000000

Symbol: STACK
   Definitions
      At line 48 in file soc\\arm_cm\\le501x\\compiler\\armcc\\startup.S
   Uses
      None
Comment: STACK unused
Stack_Mem 00000000

Symbol: Stack_Mem
   Definitions
      At line 49 in file soc\\arm_cm\\le501x\\compiler\\armcc\\startup.S
   Uses
      None
Comment: Stack_Mem unused
__initial_sp 00001000

Symbol: __initial_sp
   Definitions
      At line 50 in file soc\\arm_cm\\le501x\\compiler\\armcc\\startup.S
   Uses
      At line 77 in file soc\\arm_cm\\le501x\\compiler\\armcc\\startup.S
      At line 152 in file soc\\arm_cm\\le501x\\compiler\\armcc\\startup.S

3 symbols



ARM Macro Assembler    Page 1 Alphabetic symbol ordering
Relocatable symbols

HEAP 00000000

Symbol: HEAP
   Definitions
      At line 60 in file soc\\arm_cm\\le501x\\compiler\\armcc\\startup.S
   Uses
      None
Comment: HEAP unused
Heap_Mem 00000000

Symbol: Heap_Mem
   Definitions
      At line 62 in file soc\\arm_cm\\le501x\\compiler\\armcc\\startup.S
   Uses
      None
Comment: Heap_Mem unused
__heap_base 00000000

Symbol: __heap_base
   Definitions
      At line 61 in file soc\\arm_cm\\le501x\\compiler\\armcc\\startup.S
   Uses
      At line 153 in file soc\\arm_cm\\le501x\\compiler\\armcc\\startup.S
Comment: __heap_base used once
__heap_limit 00000800

Symbol: __heap_limit
   Definitions
      At line 63 in file soc\\arm_cm\\le501x\\compiler\\armcc\\startup.S
   Uses
      At line 154 in file soc\\arm_cm\\le501x\\compiler\\armcc\\startup.S
Comment: __heap_limit used once
4 symbols



ARM Macro Assembler    Page 1 Alphabetic symbol ordering
Relocatable symbols

RESET 00000000

Symbol: RESET
   Definitions
      At line 72 in file soc\\arm_cm\\le501x\\compiler\\armcc\\startup.S
   Uses
      None
Comment: RESET unused
__Vectors 00000000

Symbol: __Vectors
   Definitions
      At line 77 in file soc\\arm_cm\\le501x\\compiler\\armcc\\startup.S
   Uses
      At line 73 in file soc\\arm_cm\\le501x\\compiler\\armcc\\startup.S
      At line 131 in file soc\\arm_cm\\le501x\\compiler\\armcc\\startup.S

__Vectors_End 000000C0

Symbol: __Vectors_End
   Definitions
      At line 129 in file soc\\arm_cm\\le501x\\compiler\\armcc\\startup.S
   Uses
      At line 74 in file soc\\arm_cm\\le501x\\compiler\\armcc\\startup.S
      At line 131 in file soc\\arm_cm\\le501x\\compiler\\armcc\\startup.S

3 symbols



ARM Macro Assembler    Page 1 Alphabetic symbol ordering
Relocatable symbols

.text 00000000

Symbol: .text
   Definitions
      At line 133 in file soc\\arm_cm\\le501x\\compiler\\armcc\\startup.S
   Uses
      None
Comment: .text unused
Reset_Handler 00000000

Symbol: Reset_Handler
   Definitions
      At line 138 in file soc\\arm_cm\\le501x\\compiler\\armcc\\startup.S
   Uses
      At line 78 in file soc\\arm_cm\\le501x\\compiler\\armcc\\startup.S
      At line 139 in file soc\\arm_cm\\le501x\\compiler\\armcc\\startup.S

2 symbols



ARM Macro Assembler    Page 1 Alphabetic symbol ordering
Relocatable symbols

.xip_banned 00000000

Symbol: .xip_banned
   Definitions
      At line 173 in file soc\\arm_cm\\le501x\\compiler\\armcc\\startup.S
   Uses
      None
Comment: .xip_banned unused
Default_Handler 00000000

Symbol: Default_Handler
   Definitions
      At line 177 in file soc\\arm_cm\\le501x\\compiler\\armcc\\startup.S
   Uses
      At line 96 in file soc\\arm_cm\\le501x\\compiler\\armcc\\startup.S
      At line 97 in file soc\\arm_cm\\le501x\\compiler\\armcc\\startup.S
      At line 98 in file soc\\arm_cm\\le501x\\compiler\\armcc\\startup.S
      At line 99 in file soc\\arm_cm\\le501x\\compiler\\armcc\\startup.S
      At line 100 in file soc\\arm_cm\\le501x\\compiler\\armcc\\startup.S
      At line 101 in file soc\\arm_cm\\le501x\\compiler\\armcc\\startup.S
      At line 102 in file soc\\arm_cm\\le501x\\compiler\\armcc\\startup.S
      At line 103 in file soc\\arm_cm\\le501x\\compiler\\armcc\\startup.S
      At line 104 in file soc\\arm_cm\\le501x\\compiler\\armcc\\startup.S
      At line 105 in file soc\\arm_cm\\le501x\\compiler\\armcc\\startup.S
      At line 106 in file soc\\arm_cm\\le501x\\compiler\\armcc\\startup.S
      At line 107 in file soc\\arm_cm\\le501x\\compiler\\armcc\\startup.S
      At line 108 in file soc\\arm_cm\\le501x\\compiler\\armcc\\startup.S
      At line 109 in file soc\\arm_cm\\le501x\\compiler\\armcc\\startup.S
      At line 110 in file soc\\arm_cm\\le501x\\compiler\\armcc\\startup.S
      At line 111 in file soc\\arm_cm\\le501x\\compiler\\armcc\\startup.S
      At line 112 in file soc\\arm_cm\\le501x\\compiler\\armcc\\startup.S
      At line 113 in file soc\\arm_cm\\le501x\\compiler\\armcc\\startup.S
      At line 114 in file soc\\arm_cm\\le501x\\compiler\\armcc\\startup.S
      At line 115 in file soc\\arm_cm\\le501x\\compiler\\armcc\\startup.S
      At line 116 in file soc\\arm_cm\\le501x\\compiler\\armcc\\startup.S
      At line 117 in file soc\\arm_cm\\le501x\\compiler\\armcc\\startup.S
      At line 118 in file soc\\arm_cm\\le501x\\compiler\\armcc\\startup.S
      At line 119 in file soc\\arm_cm\\le501x\\compiler\\armcc\\startup.S
      At line 120 in file soc\\arm_cm\\le501x\\compiler\\armcc\\startup.S
      At line 121 in file soc\\arm_cm\\le501x\\compiler\\armcc\\startup.S
      At line 122 in file soc\\arm_cm\\le501x\\compiler\\armcc\\startup.S
      At line 123 in file soc\\arm_cm\\le501x\\compiler\\armcc\\startup.S
      At line 124 in file soc\\arm_cm\\le501x\\compiler\\armcc\\startup.S
      At line 125 in file soc\\arm_cm\\le501x\\compiler\\armcc\\startup.S
      At line 126 in file soc\\arm_cm\\le501x\\compiler\\armcc\\startup.S
      At line 127 in file soc\\arm_cm\\le501x\\compiler\\armcc\\startup.S

HardFault_Handler 00000000

Symbol: HardFault_Handler
   Definitions
      At line 185 in file soc\\arm_cm\\le501x\\compiler\\armcc\\startup.S
   Uses
      At line 80 in file soc\\arm_cm\\le501x\\compiler\\armcc\\startup.S
      At line 179 in file soc\\arm_cm\\le501x\\compiler\\armcc\\startup.S

NMI_Handler 00000000

Symbol: NMI_Handler



ARM Macro Assembler    Page 2 Alphabetic symbol ordering
Relocatable symbols

   Definitions
      At line 184 in file soc\\arm_cm\\le501x\\compiler\\armcc\\startup.S
   Uses
      At line 79 in file soc\\arm_cm\\le501x\\compiler\\armcc\\startup.S
      At line 178 in file soc\\arm_cm\\le501x\\compiler\\armcc\\startup.S

PendSV_Handler 00000000

Symbol: PendSV_Handler
   Definitions
      At line 187 in file soc\\arm_cm\\le501x\\compiler\\armcc\\startup.S
   Uses
      At line 91 in file soc\\arm_cm\\le501x\\compiler\\armcc\\startup.S
      At line 181 in file soc\\arm_cm\\le501x\\compiler\\armcc\\startup.S

SVC_Handler 00000000

Symbol: SVC_Handler
   Definitions
      At line 186 in file soc\\arm_cm\\le501x\\compiler\\armcc\\startup.S
   Uses
      At line 88 in file soc\\arm_cm\\le501x\\compiler\\armcc\\startup.S
      At line 180 in file soc\\arm_cm\\le501x\\compiler\\armcc\\startup.S

SysTick_Handler 00000000

Symbol: SysTick_Handler
   Definitions
      At line 188 in file soc\\arm_cm\\le501x\\compiler\\armcc\\startup.S
   Uses
      At line 92 in file soc\\arm_cm\\le501x\\compiler\\armcc\\startup.S
      At line 182 in file soc\\arm_cm\\le501x\\compiler\\armcc\\startup.S

7 symbols



ARM Macro Assembler    Page 1 Alphabetic symbol ordering
Absolute symbols

Heap_Size 00000800

Symbol: Heap_Size
   Definitions
      At line 58 in file soc\\arm_cm\\le501x\\compiler\\armcc\\startup.S
   Uses
      At line 62 in file soc\\arm_cm\\le501x\\compiler\\armcc\\startup.S
Comment: Heap_Size used once
Stack_Size 00001000

Symbol: Stack_Size
   Definitions
      At line 46 in file soc\\arm_cm\\le501x\\compiler\\armcc\\startup.S
   Uses
      At line 49 in file soc\\arm_cm\\le501x\\compiler\\armcc\\startup.S
Comment: Stack_Size used once
__Vectors_Size 000000C0

Symbol: __Vectors_Size
   Definitions
      At line 131 in file soc\\arm_cm\\le501x\\compiler\\armcc\\startup.S
   Uses
      At line 75 in file soc\\arm_cm\\le501x\\compiler\\armcc\\startup.S
Comment: __Vectors_Size used once
3 symbols



ARM Macro Assembler    Page 1 Alphabetic symbol ordering
External symbols

SystemInit 00000000

Symbol: SystemInit
   Definitions
      At line 140 in file soc\\arm_cm\\le501x\\compiler\\armcc\\startup.S
   Uses
      At line 142 in file soc\\arm_cm\\le501x\\compiler\\armcc\\startup.S
Comment: SystemInit used once
__main 00000000

Symbol: __main
   Definitions
      At line 141 in file soc\\arm_cm\\le501x\\compiler\\armcc\\startup.S
   Uses
      At line 144 in file soc\\arm_cm\\le501x\\compiler\\armcc\\startup.S
Comment: __main used once
2 symbols
359 symbols in table
